<?xml version="1.0" encoding="UTF-8"?>
<!-- Generated by org.testng.reporters.JUnitXMLReporter -->
<testsuite hostname="ICEN340" failures="2" tests="2" name="Error Validations Test" time="13.707" errors="0" timestamp="29 Aug 2023 10:02:04 GMT">
  <testcase classname="SeleniumTestGroup.SeleniumFrameworkDesign.ErrorValidation" name="ProductValidation" time="4.525">
    <failure type="junit.framework.AssertionFailedError">
      <![CDATA[junit.framework.AssertionFailedError
	at junit.framework.Assert.fail(Assert.java:55)
	at junit.framework.Assert.assertTrue(Assert.java:22)
	at junit.framework.Assert.assertTrue(Assert.java:31)
	at SeleniumTestGroup.SeleniumFrameworkDesign.ErrorValidation.ProductValidation(ErrorValidation.java:47)
... Removed 24 stack frames]]>
    </failure>
  </testcase> <!-- ProductValidation -->
  <testcase classname="SeleniumTestGroup.SeleniumFrameworkDesign.ErrorValidation" name="loginErrorValidation" time="0.741">
    <failure type="junit.framework.ComparisonFailure" message="expected:&amp;lt;[Incorrect email or password.]&amp;gt; but was:&amp;lt;[]&amp;gt;">
      <![CDATA[junit.framework.ComparisonFailure: expected:<[Incorrect email or password.]> but was:<[]>
	at junit.framework.Assert.assertEquals(Assert.java:100)
	at junit.framework.Assert.assertEquals(Assert.java:107)
	at SeleniumTestGroup.SeleniumFrameworkDesign.ErrorValidation.loginErrorValidation(ErrorValidation.java:29)
... Removed 24 stack frames]]>
    </failure>
  </testcase> <!-- loginErrorValidation -->
</testsuite> <!-- Error Validations Test -->
